<?xml version="1.0" encoding="UTF-8"?>
<!-- Generated by org.testng.reporters.JUnitXMLReporter -->
<testsuite hostname="LPMB-Kol-Saurav.local" ignored="0" name="Test One" tests="3" failures="0" timestamp="27 Jun 2019 08:41:49 GMT" time="3.313" errors="0">
  <testcase name="verifyAPIExistsInDataSheet" time="0.007" classname="com.fusioncharts.apitest.getObjectReference"/>
  <testcase name="verifyChartIsRendered" time="0.247" classname="com.fusioncharts.apitest.getObjectReference"/>
  <testcase name="verifyAPI" time="0.039" classname="com.fusioncharts.apitest.getObjectReference"/>
</testsuite> <!-- Test One -->
