<?xml version="1.0" encoding="UTF-8"?>
<!-- Generated by org.testng.reporters.JUnitXMLReporter -->
<testsuite hostname="WKWIN2584911" failures="0" tests="2" name="ConfigureLink" time="13.496" errors="0" timestamp="27 Nov 2021 15:49:57 GMT">
  <testcase classname="com.fusioncharts.apitest.ConfigureLink" name="verifyChartIsRenderedConfigureLink" time="0.125"/>
  <testcase classname="com.fusioncharts.apitest.ConfigureLink" name="verifyAPIConfigureLink" time="5.795"/>
</testsuite> <!-- ConfigureLink -->
