<?xml version="1.0" encoding="UTF-8"?>
<!-- Generated by org.testng.reporters.JUnitXMLReporter -->
<testsuite ignored="0" hostname="Souviks-MacBook-Pro.local" failures="0" tests="3" name="Default test" time="19.889" errors="0" timestamp="2019-11-29T16:05:30 IST">
  <testcase classname="com.fusioncharts.apitest.LockResize_ResizeTo" name="verifyAPIExistsInDataSheetLockResize_ResizeTo" time="0.009"/>
  <testcase classname="com.fusioncharts.apitest.LockResize_ResizeTo" name="verifyChartIsRenderedLockResize_ResizeTo" time="0.262"/>
  <testcase classname="com.fusioncharts.apitest.LockResize_ResizeTo" name="verifyAPILockResize_ResizeTo" time="10.896"/>
</testsuite> <!-- Default test -->
