<?xml version="1.0" encoding="UTF-8"?>
<testsuite xmlns:xsi="http://www.w3.org/2001/XMLSchema-instance" xsi:noNamespaceSchemaLocation="https://maven.apache.org/surefire/maven-surefire-plugin/xsd/surefire-test-report-3.0.xsd" version="3.0" name="TestSuite" time="7.529" tests="7" errors="0" skipped="0" failures="0">
  <properties>
[...]
</properties>
  <testcase name="f1" classname="com.fusioncharts.main.APITest" time="0.002"/>
  <testcase name="testMethodFive" classname="com.fusioncharts.main.APITest" time="0"/>
  <testcase name="testMethodFour" classname="com.fusioncharts.main.APITest" time="0"/>
  <testcase name="testMethodOne" classname="com.fusioncharts.main.APITest" time="0"/>
  <testcase name="testMethodThree" classname="com.fusioncharts.main.APITest" time="0"/>
  <testcase name="testMethodTwo" classname="com.fusioncharts.main.APITest" time="0.001"/>
  <testcase name="f" classname="com.fusioncharts.main.APITest" time="0"/>
</testsuite>