<?xml version="1.0" encoding="UTF-8"?>
<testng-results total="2" passed="2" failed="0" skipped="0">
  <reporter-output>
  </reporter-output>
  <suite started-at="2021-11-27T15:40:41Z" name="API Regression" finished-at="2021-11-27T15:40:53Z" duration-ms="12362">
    <groups>
    </groups>
    <test started-at="2021-11-27T15:40:41Z" name="ConfigureLink" finished-at="2021-11-27T15:40:53Z" duration-ms="12362">
      <class name="com.fusioncharts.apitest.ConfigureLink">
        <test-method is-config="true" signature="setUp()[pri:0, instance:com.fusioncharts.apitest.ConfigureLink@74d1dc36]" started-at="2021-11-27T21:10:41Z" name="setUp" finished-at="2021-11-27T21:10:44Z" duration-ms="2723" status="PASS">
          <reporter-output>
          </reporter-output>
        </test-method> <!-- setUp -->
        <test-method signature="verifyChartIsRenderedConfigureLink()[pri:2, instance:com.fusioncharts.apitest.ConfigureLink@74d1dc36]" started-at="2021-11-27T21:10:44Z" name="verifyChartIsRenderedConfigureLink" finished-at="2021-11-27T21:10:44Z" duration-ms="107" status="PASS">
          <reporter-output>
          </reporter-output>
        </test-method> <!-- verifyChartIsRenderedConfigureLink -->
        <test-method signature="verifyAPIConfigureLink()[pri:3, instance:com.fusioncharts.apitest.ConfigureLink@74d1dc36]" started-at="2021-11-27T21:10:44Z" name="verifyAPIConfigureLink" finished-at="2021-11-27T21:10:50Z" duration-ms="5647" status="PASS">
          <reporter-output>
          </reporter-output>
        </test-method> <!-- verifyAPIConfigureLink -->
        <test-method is-config="true" signature="shutDown()[pri:0, instance:com.fusioncharts.apitest.ConfigureLink@74d1dc36]" started-at="2021-11-27T21:10:50Z" name="shutDown" finished-at="2021-11-27T21:10:53Z" duration-ms="3879" status="PASS">
          <reporter-output>
          </reporter-output>
        </test-method> <!-- shutDown -->
      </class> <!-- com.fusioncharts.apitest.ConfigureLink -->
    </test> <!-- ConfigureLink -->
  </suite> <!-- API Regression -->
</testng-results>
