<?xml version="1.0" encoding="UTF-8"?>
<testng-results ignored="0" total="3" passed="3" failed="0" skipped="0">
  <reporter-output>
  </reporter-output>
  <suite started-at="2020-07-03T19:23:23 IST" name="Default suite" finished-at="2020-07-03T19:23:34 IST" duration-ms="11276">
    <groups>
    </groups>
    <test started-at="2020-07-03T19:23:23 IST" name="Default test" finished-at="2020-07-03T19:23:34 IST" duration-ms="11276">
      <class name="com.fusioncharts.apitest.AddEventListener">
        <test-method is-config="true" signature="setUp()[pri:0, instance:com.fusioncharts.apitest.AddEventListener@5d908d47]" started-at="2020-07-03T19:23:23 IST" name="setUp" finished-at="2020-07-03T19:23:26 IST" duration-ms="3220" status="PASS">
          <reporter-output>
          </reporter-output>
        </test-method> <!-- setUp -->
        <test-method signature="verifyAPIExistsInDataSheetAddEventListener()[pri:1, instance:com.fusioncharts.apitest.AddEventListener@5d908d47]" started-at="2020-07-03T19:23:26 IST" name="verifyAPIExistsInDataSheetAddEventListener" finished-at="2020-07-03T19:23:26 IST" duration-ms="13" status="PASS">
          <reporter-output>
          </reporter-output>
        </test-method> <!-- verifyAPIExistsInDataSheetAddEventListener -->
        <test-method signature="verifyChartIsRenderedAddEventListener()[pri:2, instance:com.fusioncharts.apitest.AddEventListener@5d908d47]" started-at="2020-07-03T19:23:26 IST" name="verifyChartIsRenderedAddEventListener" finished-at="2020-07-03T19:23:26 IST" duration-ms="251" status="PASS">
          <reporter-output>
          </reporter-output>
        </test-method> <!-- verifyChartIsRenderedAddEventListener -->
        <test-method signature="verifyAPIAddEventListener()[pri:3, instance:com.fusioncharts.apitest.AddEventListener@5d908d47]" started-at="2020-07-03T19:23:26 IST" name="verifyAPIAddEventListener" finished-at="2020-07-03T19:23:31 IST" duration-ms="4298" status="PASS">
          <reporter-output>
          </reporter-output>
        </test-method> <!-- verifyAPIAddEventListener -->
        <test-method is-config="true" signature="shutDown()[pri:0, instance:com.fusioncharts.apitest.AddEventListener@5d908d47]" started-at="2020-07-03T19:23:31 IST" name="shutDown" finished-at="2020-07-03T19:23:34 IST" duration-ms="3423" status="PASS">
          <reporter-output>
          </reporter-output>
        </test-method> <!-- shutDown -->
      </class> <!-- com.fusioncharts.apitest.AddEventListener -->
    </test> <!-- Default test -->
  </suite> <!-- Default suite -->
</testng-results>
