<?xml version="1.0" encoding="UTF-8"?>
<!-- Generated by org.testng.reporters.JUnitXMLReporter -->
<testsuite hostname="LPMB-Kol-Saurav.local" name="Test One" tests="3" failures="0" timestamp="27 Jun 2019 10:46:20 GMT" time="4.534" errors="0">
  <testcase name="verifyAPIExistsInDataSheet" time="0.002" classname="com.fusioncharts.apitest.getObjectReference"/>
  <testcase name="verifyChartIsRendered" time="0.894" classname="com.fusioncharts.apitest.getObjectReference"/>
  <testcase name="verifyAPI" time="0.036" classname="com.fusioncharts.apitest.getObjectReference"/>
</testsuite> <!-- Test One -->
