<?xml version="1.0" encoding="UTF-8"?>
<!-- Generated by org.testng.reporters.JUnitXMLReporter -->
<testsuite hostname="LPMB-Kol-Saurav.local" name="Test One" tests="7" failures="0" timestamp="24 Jun 2019 13:12:30 GMT" time="7.187" errors="0">
  <testcase name="f1" time="0.002" classname="com.fusioncharts.main.APITest"/>
  <testcase name="testMethodFive" time="0.0" classname="com.fusioncharts.main.APITest"/>
  <testcase name="testMethodFour" time="0.0" classname="com.fusioncharts.main.APITest"/>
  <testcase name="testMethodOne" time="0.0" classname="com.fusioncharts.main.APITest"/>
  <testcase name="testMethodThree" time="0.0" classname="com.fusioncharts.main.APITest"/>
  <testcase name="testMethodTwo" time="0.001" classname="com.fusioncharts.main.APITest"/>
  <testcase name="f" time="0.001" classname="com.fusioncharts.main.APITest"/>
</testsuite> <!-- Test One -->
