<?xml version="1.0" encoding="UTF-8"?>
<!-- Generated by org.testng.reporters.JUnitXMLReporter -->
<testsuite hostname="LPMB-Kol-Saurav.local" ignored="0" name="AddEventListener" tests="3" failures="1" timestamp="22 Jul 2019 13:00:49 GMT" time="15.469" errors="0">
  <testcase name="verifyAPIExistsInDataSheetClone" time="0.028" classname="com.fusioncharts.apitest.Clone"/>
  <testcase name="verifyChartIsRenderedClone" time="1.347" classname="com.fusioncharts.apitest.Clone"/>
  <testcase name="verifyAPIClone" time="3.281" classname="com.fusioncharts.apitest.Clone">
    <failure type="java.lang.NullPointerException">
      <![CDATA[java.lang.NullPointerException
at com.fusioncharts.apitest.Clone.verifyAPIClone(Clone.java:82)
... Removed 25 stack frames]]>
    </failure>
  </testcase> <!-- verifyAPIClone -->
</testsuite> <!-- AddEventListener -->
