<?xml version="1.0" encoding="UTF-8"?>
<!-- Generated by org.testng.reporters.JUnitXMLReporter -->
<testsuite ignored="0" hostname="Souviks-MacBook-Pro.local" failures="1" tests="1" name="AllChartsDataAPIs" time="505.773" errors="0" timestamp="2019-11-29T16:29:37 IST">
  <testcase classname="com.fusioncharts.apitest.AllChartsDataAPIs" name="verifyAllChartsDataAPIs" time="500.793">
    <failure type="java.lang.AssertionError" message="spline chart getSVGData() format is correct did not expect to find [true] but found [false]">
      <![CDATA[java.lang.AssertionError: spline chart getSVGData() format is correct did not expect to find [true] but found [false]
at com.fusioncharts.apitest.AllChartsDataAPIs.verifyAllChartsDataAPIs(AllChartsDataAPIs.java:144)
at java.base/java.util.ArrayList.forEach(ArrayList.java:1378)
... Removed 30 stack frames]]>
    </failure>
  </testcase> <!-- verifyAllChartsDataAPIs -->
</testsuite> <!-- AllChartsDataAPIs -->
