<?xml version="1.0" encoding="UTF-8"?>
<!-- Generated by org.testng.reporters.JUnitXMLReporter -->
<testsuite ignored="0" hostname="Souviks-MacBook-Pro.local" failures="1" tests="1" name="AllChartsDataAPIs" time="296.892" errors="0" timestamp="2020-02-25T15:28:40 IST">
  <testcase classname="com.fusioncharts.apitest.AllChartsDataAPIs" name="verifyAllChartsDataAPIs" time="291.632">
    <failure type="java.lang.AssertionError" message="bubble chart getDataAsCSV() for CSV should work properly did not expect to find [true] but found [false]">
      <![CDATA[java.lang.AssertionError: bubble chart getDataAsCSV() for CSV should work properly did not expect to find [true] but found [false]
at com.fusioncharts.apitest.AllChartsDataAPIs.verifyAllChartsDataAPIs(AllChartsDataAPIs.java:138)
at java.base/java.util.ArrayList.forEach(ArrayList.java:1378)
... Removed 30 stack frames]]>
    </failure>
  </testcase> <!-- verifyAllChartsDataAPIs -->
</testsuite> <!-- AllChartsDataAPIs -->
