<?xml version="1.0" encoding="UTF-8"?>
<!-- Generated by org.testng.reporters.JUnitXMLReporter -->
<testsuite ignored="0" hostname="Souviks-MacBook-Pro.local" failures="0" tests="3" name="AnnotationAPIs" time="67.844" errors="0" timestamp="2020-02-25T15:23:44 IST">
  <testcase classname="com.fusioncharts.apitest.AnnotationAPIs" name="verifyAPIExistsInDataSheetAnnotationAPIs" time="0.001"/>
  <testcase classname="com.fusioncharts.apitest.AnnotationAPIs" name="verifyChartIsRenderedAnnotationAPIs" time="0.549"/>
  <testcase classname="com.fusioncharts.apitest.AnnotationAPIs" name="verifyAPIAnnotationAPIs" time="62.453"/>
</testsuite> <!-- AnnotationAPIs -->
