<?xml version="1.0" encoding="UTF-8"?>
<!-- Generated by org.testng.reporters.JUnitXMLReporter -->
<testsuite hostname="LPMB-Kol-Saurav.local" ignored="0" name="AnnotationAPIs" tests="3" failures="1" timestamp="24 Sep 2019 12:37:53 GMT" time="72.715" errors="0">
  <testcase name="verifyAPIExistsInDataSheetAnnotationAPIs" time="0.001" classname="com.fusioncharts.apitest.AnnotationAPIs"/>
  <testcase name="verifyChartIsRenderedAnnotationAPIs" time="0.898" classname="com.fusioncharts.apitest.AnnotationAPIs"/>
  <testcase name="verifyAPIAnnotationAPIs" time="65.488" classname="com.fusioncharts.apitest.AnnotationAPIs">
    <failure type="java.lang.AssertionError" message="Marker Updated screenshot matches correctly expected [true] but found [false]">
      <![CDATA[java.lang.AssertionError: Marker Updated screenshot matches correctly expected [true] but found [false]
at com.fusioncharts.apitest.AnnotationAPIs.verifyAPIAnnotationAPIs(AnnotationAPIs.java:163)
... Removed 28 stack frames]]>
    </failure>
  </testcase> <!-- verifyAPIAnnotationAPIs -->
</testsuite> <!-- AnnotationAPIs -->
