<?xml version="1.0" encoding="UTF-8"?>
<!-- Generated by org.testng.reporters.JUnitXMLReporter -->
<testsuite hostname="LPMB-Kol-Saurav.local" ignored="0" name="CenterLabel" tests="3" failures="0" timestamp="08 Aug 2019 11:57:19 GMT" time="8.516" errors="0">
  <testcase name="verifyAPIExistsInDataSheetCenterLabel" time="0.0" classname="com.fusioncharts.apitest.CenterLabel"/>
  <testcase name="verifyChartIsRenderedCenterLabel" time="0.606" classname="com.fusioncharts.apitest.CenterLabel"/>
  <testcase name="verifyAPICenterLabel" time="2.676" classname="com.fusioncharts.apitest.CenterLabel"/>
</testsuite> <!-- CenterLabel -->
