<?xml version="1.0" encoding="UTF-8"?>
<!-- Generated by org.testng.reporters.JUnitXMLReporter -->
<testsuite hostname="LPMB-Kol-Saurav.local" ignored="0" name="CenterLabel" tests="3" failures="0" timestamp="05 Aug 2019 12:25:41 GMT" time="11.105" errors="0">
  <testcase name="verifyAPIExistsInDataSheetCenterLabel" time="0.001" classname="com.fusioncharts.apitest.CenterLabel"/>
  <testcase name="verifyChartIsRenderedCenterLabel" time="0.421" classname="com.fusioncharts.apitest.CenterLabel"/>
  <testcase name="verifyAPICenterLabel" time="2.566" classname="com.fusioncharts.apitest.CenterLabel"/>
</testsuite> <!-- CenterLabel -->
