<?xml version="1.0" encoding="UTF-8"?>
<!-- Generated by org.testng.reporters.JUnitXMLReporter -->
<testsuite hostname="LPMB-Kol-Saurav.local" ignored="0" name="ChartType" tests="4" failures="0" timestamp="29 Jul 2019 08:03:53 GMT" time="13.578" errors="0">
  <testcase name="verifyAPIExistsInDataSheetChartType" time="0.001" classname="com.fusioncharts.apitest.ChartType"/>
  <testcase name="verifyChartIsRenderedChartType" time="0.63" classname="com.fusioncharts.apitest.ChartType"/>
  <testcase name="verifyAPIChartType1paramChartType" time="2.512" classname="com.fusioncharts.apitest.ChartType"/>
  <testcase name="verifyAPIChartType3paramChartType" time="2.5" classname="com.fusioncharts.apitest.ChartType"/>
</testsuite> <!-- ChartType -->
