<?xml version="1.0" encoding="UTF-8"?>
<!-- Generated by org.testng.reporters.JUnitXMLReporter -->
<testsuite hostname="LPMB-KOl-Sahelee.local" ignored="0" name="ClearChart" tests="3" failures="0" timestamp="05 Aug 2019 07:40:55 GMT" time="30.036" errors="0">
  <testcase name="verifyAPIExistsInDataSheetClearChart" time="0.001" classname="com.fusioncharts.apitest.ClearChart"/>
  <testcase name="verifyChartIsRenderedClearChart" time="0.346" classname="com.fusioncharts.apitest.ClearChart"/>
  <testcase name="verifyAPIClearChart" time="24.464" classname="com.fusioncharts.apitest.ClearChart"/>
</testsuite> <!-- ClearChart -->
