<?xml version="1.0" encoding="UTF-8"?>
<!-- Generated by org.testng.reporters.JUnitXMLReporter -->
<testsuite hostname="LPMB-Kol-Saurav.local" ignored="0" name="ClearChart" tests="3" failures="0" timestamp="02 Aug 2019 13:44:50 GMT" time="30.16" errors="0">
  <testcase name="verifyAPIExistsInDataSheetClearChart" time="0.0" classname="com.fusioncharts.apitest.ClearChart"/>
  <testcase name="verifyChartIsRenderedClearChart" time="0.369" classname="com.fusioncharts.apitest.ClearChart"/>
  <testcase name="verifyAPIClearChart" time="24.74" classname="com.fusioncharts.apitest.ClearChart"/>
</testsuite> <!-- ClearChart -->
