<?xml version="1.0" encoding="UTF-8"?>
<!-- Generated by org.testng.reporters.JUnitXMLReporter -->
<testsuite hostname="LPMB-KOl-Sahelee.local" ignored="0" name="Clone" tests="3" failures="0" timestamp="05 Aug 2019 07:39:03 GMT" time="13.334" errors="0">
  <testcase name="verifyAPIExistsInDataSheetClone" time="0.013" classname="com.fusioncharts.apitest.Clone"/>
  <testcase name="verifyChartIsRenderedClone" time="0.446" classname="com.fusioncharts.apitest.Clone"/>
  <testcase name="verifyAPIClone" time="4.562" classname="com.fusioncharts.apitest.Clone"/>
</testsuite> <!-- Clone -->
