<?xml version="1.0" encoding="UTF-8"?>
<!-- Generated by org.testng.reporters.JUnitXMLReporter -->
<testsuite ignored="0" hostname="Souviks-MacBook-Pro.local" failures="0" tests="3" name="Clone" time="20.698" errors="0" timestamp="2019-11-29T17:55:26 IST">
  <testcase classname="com.fusioncharts.apitest.Clone" name="verifyAPIExistsInDataSheetClone" time="0.039"/>
  <testcase classname="com.fusioncharts.apitest.Clone" name="verifyChartIsRenderedClone" time="0.565"/>
  <testcase classname="com.fusioncharts.apitest.Clone" name="verifyAPIClone" time="9.456"/>
</testsuite> <!-- Clone -->
