<?xml version="1.0" encoding="UTF-8"?>
<!-- Generated by org.testng.reporters.JUnitXMLReporter -->
<testsuite hostname="LPMB-KOl-Sahelee.local" ignored="0" name="ConfigureLink" tests="3" failures="0" timestamp="06 Aug 2019 07:09:55 GMT" time="10.685" errors="0">
  <testcase name="verifyAPIExistsInDataSheetconfigure" time="0.01" classname="com.fusioncharts.apitest.ConfigureLink"/>
  <testcase name="verifyChartIsRenderedConfigure" time="0.252" classname="com.fusioncharts.apitest.ConfigureLink"/>
  <testcase name="verifyAPIConfigure" time="3.713" classname="com.fusioncharts.apitest.ConfigureLink"/>
</testsuite> <!-- ConfigureLink -->
