<?xml version="1.0" encoding="UTF-8"?>
<!-- Generated by org.testng.reporters.JUnitXMLReporter -->
<testsuite hostname="LPMB-KOl-Sahelee.local" ignored="0" name="Configure" tests="3" failures="1" timestamp="08 Aug 2019 11:00:29 GMT" time="12.095" errors="0">
  <testcase name="verifyAPIExistsInDataSheetConfigure" time="0.002" classname="com.fusioncharts.apitest.Configure"/>
  <testcase name="verifyChartIsRenderedConfigure" time="0.493" classname="com.fusioncharts.apitest.Configure"/>
  <testcase name="verifyAPIConfigure" time="0.025" classname="com.fusioncharts.apitest.Configure">
    <failure type="java.lang.AssertionError" message="Configure API custom message correctly shown expected [true] but found [false]">
      <![CDATA[java.lang.AssertionError: Configure API custom message correctly shown expected [true] but found [false]
at com.fusioncharts.apitest.Configure.verifyAPIConfigure(Configure.java:57)
... Removed 28 stack frames]]>
    </failure>
  </testcase> <!-- verifyAPIConfigure -->
</testsuite> <!-- Configure -->
