<?xml version="1.0" encoding="UTF-8"?>
<!-- Generated by org.testng.reporters.JUnitXMLReporter -->
<testsuite ignored="0" hostname="Souviks-MacBook-Pro.local" failures="0" tests="3" name="Configure" time="7.03" errors="0" timestamp="2019-11-29T16:11:03 IST">
  <testcase classname="com.fusioncharts.apitest.Configure" name="verifyAPIExistsInDataSheetConfigure" time="0.002"/>
  <testcase classname="com.fusioncharts.apitest.Configure" name="verifyChartIsRenderedConfigure" time="0.168"/>
  <testcase classname="com.fusioncharts.apitest.Configure" name="verifyAPIConfigure" time="0.89"/>
</testsuite> <!-- Configure -->
