<?xml version="1.0" encoding="UTF-8"?>
<!-- Generated by org.testng.reporters.JUnitXMLReporter -->
<testsuite hostname="LPMB-Kol-Saurav.local" ignored="0" name="ConfigureLink" tests="3" failures="0" timestamp="08 Aug 2019 11:58:53 GMT" time="10.842" errors="0">
  <testcase name="verifyAPIExistsInDataSheetConfigureLink" time="0.001" classname="com.fusioncharts.apitest.ConfigureLink"/>
  <testcase name="verifyChartIsRenderedConfigureLink" time="0.304" classname="com.fusioncharts.apitest.ConfigureLink"/>
  <testcase name="verifyAPIConfigureLink" time="5.381" classname="com.fusioncharts.apitest.ConfigureLink"/>
</testsuite> <!-- ConfigureLink -->
