<?xml version="1.0" encoding="UTF-8"?>
<!-- Generated by org.testng.reporters.JUnitXMLReporter -->
<testsuite ignored="0" hostname="Souviks-MacBook-Pro.local" failures="0" tests="7" name="DragableChartAPIs" time="32.533" errors="0" timestamp="2019-11-29T18:08:41 IST">
  <testcase classname="com.fusioncharts.apitest.DragableChartAPIs" name="verifyAPIExistsInDataSheetZoomlineAPIs" time="0.001"/>
  <testcase classname="com.fusioncharts.apitest.DragableChartAPIs" name="verifyChartIsRenderedDragcolumn2d" time="0.426"/>
  <testcase classname="com.fusioncharts.apitest.DragableChartAPIs" name="verifyAPIDragcolumn2d" time="7.645"/>
  <testcase classname="com.fusioncharts.apitest.DragableChartAPIs" name="verifyChartIsRenderedDragline" time="0.309"/>
  <testcase classname="com.fusioncharts.apitest.DragableChartAPIs" name="verifyAPIDragline" time="8.574"/>
  <testcase classname="com.fusioncharts.apitest.DragableChartAPIs" name="verifyChartIsRenderedDragarea" time="0.236"/>
  <testcase classname="com.fusioncharts.apitest.DragableChartAPIs" name="verifyAPIDragarea" time="7.659"/>
</testsuite> <!-- DragableChartAPIs -->
