<?xml version="1.0" encoding="UTF-8"?>
<!-- Generated by org.testng.reporters.JUnitXMLReporter -->
<testsuite hostname="LPMB-Kol-Saurav.local" ignored="0" name="FeedData" tests="3" failures="0" timestamp="24 Sep 2019 12:23:00 GMT" time="8.112" errors="0">
  <testcase name="verifyAPIExistsInDataSheetFeedData" time="0.001" classname="com.fusioncharts.apitest.FeedData"/>
  <testcase name="verifyChartIsRenderedFeedData" time="0.571" classname="com.fusioncharts.apitest.FeedData"/>
  <testcase name="verifyAPIFeedData" time="1.011" classname="com.fusioncharts.apitest.FeedData"/>
</testsuite> <!-- FeedData -->
