<?xml version="1.0" encoding="UTF-8"?>
<!-- Generated by org.testng.reporters.JUnitXMLReporter -->
<testsuite hostname="LPMB-KOl-Sahelee.local" ignored="0" name="FormatNumber" tests="3" failures="0" timestamp="02 Aug 2019 13:01:40 GMT" time="6.849" errors="0">
  <testcase name="verifyAPIExistsInDataSheetFormatNumber" time="0.001" classname="com.fusioncharts.apitest.FormatNumber"/>
  <testcase name="verifyChartIsRenderedFormatNumber" time="0.455" classname="com.fusioncharts.apitest.FormatNumber"/>
  <testcase name="verifyAPIChartTypeFormatNumber" time="1.091" classname="com.fusioncharts.apitest.FormatNumber"/>
</testsuite> <!-- FormatNumber -->
