<?xml version="1.0" encoding="UTF-8"?>
<!-- Generated by org.testng.reporters.JUnitXMLReporter -->
<testsuite hostname="LPMB-Kol-Saurav.local" ignored="0" name="FormatNumber" tests="3" failures="0" timestamp="25 Jul 2019 07:14:10 GMT" time="9.91" errors="0">
  <testcase name="verifyAPIExistsInDataSheetFormatNumber" time="0.002" classname="com.fusioncharts.apitest.FormatNumber"/>
  <testcase name="verifyChartIsRenderedFormatNumber" time="0.597" classname="com.fusioncharts.apitest.FormatNumber"/>
  <testcase name="verifyAPIChartTypeFormatNumber" time="1.171" classname="com.fusioncharts.apitest.FormatNumber"/>
</testsuite> <!-- FormatNumber -->
