<?xml version="1.0" encoding="UTF-8"?>
<!-- Generated by org.testng.reporters.JUnitXMLReporter -->
<testsuite hostname="LPMB-Kol-Saurav.local" ignored="0" name="GetChartData" tests="3" failures="0" timestamp="08 Aug 2019 11:57:51 GMT" time="7.702" errors="0">
  <testcase name="verifyAPIExistsInDataSheetGetChartData" time="0.001" classname="com.fusioncharts.apitest.GetChartData"/>
  <testcase name="verifyChartIsRenderedGetChartData" time="0.442" classname="com.fusioncharts.apitest.GetChartData"/>
  <testcase name="verifyAPIGetChartData" time="2.199" classname="com.fusioncharts.apitest.GetChartData"/>
</testsuite> <!-- GetChartData -->
