<?xml version="1.0" encoding="UTF-8"?>
<!-- Generated by org.testng.reporters.JUnitXMLReporter -->
<testsuite hostname="LPMB-Kol-Saurav.local" ignored="0" name="GetCSVData" tests="3" failures="0" timestamp="08 Aug 2019 11:57:58 GMT" time="6.603" errors="0">
  <testcase name="verifyAPIExistsInDataSheetGetCSVData" time="0.001" classname="com.fusioncharts.apitest.GetCSVData"/>
  <testcase name="verifyChartIsRenderedGetCSVData" time="0.481" classname="com.fusioncharts.apitest.GetCSVData"/>
  <testcase name="verifyAPIGetCSVData" time="1.038" classname="com.fusioncharts.apitest.GetCSVData"/>
</testsuite> <!-- GetCSVData -->
