<?xml version="1.0" encoding="UTF-8"?>
<!-- Generated by org.testng.reporters.JUnitXMLReporter -->
<testsuite hostname="LPMB-Kol-Saurav.local" ignored="0" name="GetChartAttribute" tests="3" failures="0" timestamp="08 Aug 2019 11:57:44 GMT" time="8.166" errors="0">
  <testcase name="verifyAPIExistsInDataSheetGetChartAttribute" time="0.001" classname="com.fusioncharts.apitest.GetChartAttribute"/>
  <testcase name="verifyChartIsRenderedGetChartAttribute" time="0.473" classname="com.fusioncharts.apitest.GetChartAttribute"/>
  <testcase name="verifyAPIGetChartAttribute" time="2.673" classname="com.fusioncharts.apitest.GetChartAttribute"/>
</testsuite> <!-- GetChartAttribute -->
