<?xml version="1.0" encoding="UTF-8"?>
<!-- Generated by org.testng.reporters.JUnitXMLReporter -->
<testsuite hostname="LPMB-Kol-Saurav.local" ignored="0" name="GetChartAttribute" tests="3" failures="0" timestamp="05 Aug 2019 13:04:18 GMT" time="11.983" errors="0">
  <testcase name="verifyAPIExistsInDataSheetGetChartAttribute" time="0.006" classname="com.fusioncharts.apitest.GetChartAttribute"/>
  <testcase name="verifyChartIsRenderedGetChartAttribute" time="0.589" classname="com.fusioncharts.apitest.GetChartAttribute"/>
  <testcase name="verifyAPIGetChartAttribute" time="2.162" classname="com.fusioncharts.apitest.GetChartAttribute"/>
</testsuite> <!-- GetChartAttribute -->
