<?xml version="1.0" encoding="UTF-8"?>
<!-- Generated by org.testng.reporters.JUnitXMLReporter -->
<testsuite ignored="0" hostname="Souviks-MacBook-Pro.local" failures="0" tests="3" name="GetDataWithId" time="37.153" errors="0" timestamp="2019-11-29T17:57:22 IST">
  <testcase classname="com.fusioncharts.apitest.GetDataWithId" name="verifyAPIExistsInDataSheetGetDataWithId" time="0.032"/>
  <testcase classname="com.fusioncharts.apitest.GetDataWithId" name="verifyChartIsRenderedGetDataWithId" time="0.334"/>
  <testcase classname="com.fusioncharts.apitest.GetDataWithId" name="verifyAPIGetDataWithId" time="30.029"/>
</testsuite> <!-- GetDataWithId -->
