<?xml version="1.0" encoding="UTF-8"?>
<!-- Generated by org.testng.reporters.JUnitXMLReporter -->
<testsuite hostname="LPMB-KOl-Sahelee.local" ignored="0" name="GetDataAsCSV" tests="3" failures="0" timestamp="08 Aug 2019 10:59:20 GMT" time="11.237" errors="0">
  <testcase name="verifyAPIExistsInDataSheetGetDataAsCSV" time="0.0" classname="com.fusioncharts.apitest.GetDataAsCSV"/>
  <testcase name="verifyChartIsRenderedGetDataAsCSV" time="0.476" classname="com.fusioncharts.apitest.GetDataAsCSV"/>
  <testcase name="verifyAPIGetDataAsCSV" time="3.039" classname="com.fusioncharts.apitest.GetDataAsCSV"/>
</testsuite> <!-- GetDataAsCSV -->
