<?xml version="1.0" encoding="UTF-8"?>
<!-- Generated by org.testng.reporters.JUnitXMLReporter -->
<testsuite hostname="LPMB-KOl-Sahelee.local" ignored="0" name="GetJSONData" tests="3" failures="0" timestamp="08 Aug 2019 10:59:31 GMT" time="10.512" errors="0">
  <testcase name="verifyAPIExistsInDataSheetGetJSONData" time="0.0" classname="com.fusioncharts.apitest.GetJSONData"/>
  <testcase name="verifyChartIsRenderedGetJSONData" time="0.439" classname="com.fusioncharts.apitest.GetJSONData"/>
  <testcase name="verifyAPIGetJSONData" time="1.531" classname="com.fusioncharts.apitest.GetJSONData"/>
</testsuite> <!-- GetJSONData -->
