<?xml version="1.0" encoding="UTF-8"?>
<!-- Generated by org.testng.reporters.JUnitXMLReporter -->
<testsuite hostname="LPMB-Kol-Saurav.local" ignored="0" name="GetObjectReference" tests="3" failures="0" timestamp="22 Jul 2019 11:52:08 GMT" time="15.512" errors="0">
  <testcase name="verifyAPIExistsInDataSheetGetObjectReference" time="0.009" classname="com.fusioncharts.apitest.GetObjectReference"/>
  <testcase name="verifyChartIsRenderedGetObjectReference" time="0.761" classname="com.fusioncharts.apitest.GetObjectReference"/>
  <testcase name="verifyAPIGetObjectReference" time="2.254" classname="com.fusioncharts.apitest.GetObjectReference"/>
</testsuite> <!-- GetObjectReference -->
