<?xml version="1.0" encoding="UTF-8"?>
<!-- Generated by org.testng.reporters.JUnitXMLReporter -->
<testsuite hostname="LPMB-Kol-Saurav.local" ignored="0" name="GetSVGString" tests="3" failures="0" timestamp="08 Aug 2019 11:58:20 GMT" time="6.638" errors="0">
  <testcase name="verifyAPIExistsInDataSheetGetSVGString" time="0.001" classname="com.fusioncharts.apitest.GetSVGString"/>
  <testcase name="verifyChartIsRenderedGetSVGString" time="0.541" classname="com.fusioncharts.apitest.GetSVGString"/>
  <testcase name="verifyAPIGetSVGString" time="1.049" classname="com.fusioncharts.apitest.GetSVGString"/>
</testsuite> <!-- GetSVGString -->
