<?xml version="1.0" encoding="UTF-8"?>
<!-- Generated by org.testng.reporters.JUnitXMLReporter -->
<testsuite hostname="LPMB-KOl-Sahelee.local" ignored="0" name="GetSVGString" tests="3" failures="0" timestamp="06 Aug 2019 10:33:53 GMT" time="10.29" errors="0">
  <testcase name="verifyAPIExistsInDataSheetGetSVGString" time="0.007" classname="com.fusioncharts.apitest.GetSVGString"/>
  <testcase name="verifyChartIsRenderedGetSVGString" time="0.351" classname="com.fusioncharts.apitest.GetSVGString"/>
  <testcase name="verifyAPIGetSVGString" time="3.502" classname="com.fusioncharts.apitest.GetSVGString"/>
</testsuite> <!-- GetSVGString -->
