<?xml version="1.0" encoding="UTF-8"?>
<!-- Generated by org.testng.reporters.JUnitXMLReporter -->
<testsuite hostname="LPMB-KOl-Sahelee.local" ignored="0" name="GetXMLData" tests="3" failures="0" timestamp="06 Aug 2019 10:32:38 GMT" time="10.764" errors="0">
  <testcase name="verifyAPIExistsInDataSheetGetXMLData" time="0.008" classname="com.fusioncharts.apitest.GetXMLData"/>
  <testcase name="verifyChartIsRenderedGetXMLData" time="0.212" classname="com.fusioncharts.apitest.GetXMLData"/>
  <testcase name="verifyAPIGetXMLData" time="3.967" classname="com.fusioncharts.apitest.GetXMLData"/>
</testsuite> <!-- GetXMLData -->
