<?xml version="1.0" encoding="UTF-8"?>
<!-- Generated by org.testng.reporters.JUnitXMLReporter -->
<testsuite hostname="LPMB-Kol-Saurav.local" ignored="0" name="GetXMLData" tests="3" failures="0" timestamp="08 Aug 2019 11:58:29 GMT" time="8.55" errors="0">
  <testcase name="verifyAPIExistsInDataSheetGetXMLData" time="0.001" classname="com.fusioncharts.apitest.GetXMLData"/>
  <testcase name="verifyChartIsRenderedGetXMLData" time="0.429" classname="com.fusioncharts.apitest.GetXMLData"/>
  <testcase name="verifyAPIGetXMLData" time="3.017" classname="com.fusioncharts.apitest.GetXMLData"/>
</testsuite> <!-- GetXMLData -->
