<?xml version="1.0" encoding="UTF-8"?>
<!-- Generated by org.testng.reporters.JUnitXMLReporter -->
<testsuite hostname="LPMB-KOl-Sahelee.local" ignored="0" name="HasRendered" tests="2" failures="0" timestamp="06 Aug 2019 11:35:17 GMT" time="11.549" errors="0">
  <testcase name="verifyAPIExistsInDataSheetHasRendered" time="0.006" classname="com.fusioncharts.apitest.HasRendered"/>
  <testcase name="verifyAPIHasRendered" time="4.919" classname="com.fusioncharts.apitest.HasRendered"/>
</testsuite> <!-- HasRendered -->
