<?xml version="1.0" encoding="UTF-8"?>
<!-- Generated by org.testng.reporters.JUnitXMLReporter -->
<testsuite hostname="LPMB-KOl-Sahelee.local" ignored="0" name="HasRendered" tests="2" failures="1" timestamp="08 Aug 2019 11:00:02 GMT" time="8.661" errors="0">
  <testcase name="verifyAPIExistsInDataSheetHasRendered" time="0.005" classname="com.fusioncharts.apitest.HasRendered"/>
  <testcase name="verifyAPIHasRendered" time="0.031" classname="com.fusioncharts.apitest.HasRendered">
    <failure type="java.lang.AssertionError" message="hasRendered() should be false expected [true] but found [false]">
      <![CDATA[java.lang.AssertionError: hasRendered() should be false expected [true] but found [false]
at com.fusioncharts.apitest.HasRendered.verifyAPIHasRendered(HasRendered.java:50)
... Removed 28 stack frames]]>
    </failure>
  </testcase> <!-- verifyAPIHasRendered -->
</testsuite> <!-- HasRendered -->
