<?xml version="1.0" encoding="UTF-8"?>
<!-- Generated by org.testng.reporters.JUnitXMLReporter -->
<testsuite hostname="LPMB-Kol-Saurav.local" ignored="0" name="IsPlotItemSliced_slicePlotItem" tests="3" failures="0" timestamp="05 Aug 2019 12:21:34 GMT" time="9.98" errors="0">
  <testcase name="verifyAPIExistsInDataSheetIsPlotItemSliced_slicePlotItem" time="0.002" classname="com.fusioncharts.apitest.IsPlotItemSliced_slicePlotItem"/>
  <testcase name="verifyChartIsRenderedIsPlotItemSliced_slicePlotItem" time="0.388" classname="com.fusioncharts.apitest.IsPlotItemSliced_slicePlotItem"/>
  <testcase name="verifyAPIIsPlotItemSliced_slicePlotItem" time="2.615" classname="com.fusioncharts.apitest.IsPlotItemSliced_slicePlotItem"/>
</testsuite> <!-- IsPlotItemSliced_slicePlotItem -->
