<?xml version="1.0" encoding="UTF-8"?>
<!-- Generated by org.testng.reporters.JUnitXMLReporter -->
<testsuite hostname="LPMB-Kol-Saurav.local" ignored="0" name="LockResize_ResizeTo" tests="3" failures="1" timestamp="08 Aug 2019 11:58:35 GMT" time="6.715" errors="0">
  <testcase name="verifyAPIExistsInDataSheetLockResize_ResizeTo" time="0.001" classname="com.fusioncharts.apitest.LockResize_ResizeTo"/>
  <testcase name="verifyChartIsRenderedLockResize_ResizeTo" time="1.372" classname="com.fusioncharts.apitest.LockResize_ResizeTo"/>
  <testcase name="verifyAPILockResize_ResizeTo" time="0.148" classname="com.fusioncharts.apitest.LockResize_ResizeTo">
    <failure type="java.lang.AssertionError" message="Chart should get resized expected [true] but found [false]">
      <![CDATA[java.lang.AssertionError: Chart should get resized expected [true] but found [false]
at com.fusioncharts.apitest.LockResize_ResizeTo.verifyAPILockResize_ResizeTo(LockResize_ResizeTo.java:77)
... Removed 28 stack frames]]>
    </failure>
  </testcase> <!-- verifyAPILockResize_ResizeTo -->
</testsuite> <!-- LockResize_ResizeTo -->
