<?xml version="1.0" encoding="UTF-8"?>
<!-- Generated by org.testng.reporters.JUnitXMLReporter -->
<testsuite ignored="0" hostname="Souviks-MacBook-Pro.local" failures="0" tests="3" name="RealTimeAPIs" time="65.031" errors="0" timestamp="2020-02-25T15:14:53 IST">
  <testcase classname="com.fusioncharts.apitest.RealTimeAPIs" name="verifyAPIExistsInDataSheetRealTimeAPIs" time="0.002"/>
  <testcase classname="com.fusioncharts.apitest.RealTimeAPIs" name="verifyChartIsRenderedRealTimeAPIs" time="0.628"/>
  <testcase classname="com.fusioncharts.apitest.RealTimeAPIs" name="verifyAPIRealTimeAPIs" time="59.464"/>
</testsuite> <!-- RealTimeAPIs -->
