<?xml version="1.0" encoding="UTF-8"?>
<!-- Generated by org.testng.reporters.JUnitXMLReporter -->
<testsuite hostname="LPMB-Kol-Saurav.local" ignored="0" name="RealTimeAPIsAutoFeedLog" tests="3" failures="0" timestamp="24 Sep 2019 12:35:50 GMT" time="47.653" errors="0">
  <testcase name="verifyAPIExistsInDataSheetRealTimeAPIsAutoFeedLog" time="0.001" classname="com.fusioncharts.apitest.RealTimeAPIsAutoFeedLog"/>
  <testcase name="verifyChartIsRenderedRealTimeAPIsAutoFeedLog" time="0.626" classname="com.fusioncharts.apitest.RealTimeAPIsAutoFeedLog"/>
  <testcase name="verifyAPIRealTimeAPIsAutoFeedLog" time="39.671" classname="com.fusioncharts.apitest.RealTimeAPIsAutoFeedLog"/>
</testsuite> <!-- RealTimeAPIsAutoFeedLog -->
