<?xml version="1.0" encoding="UTF-8"?>
<!-- Generated by org.testng.reporters.JUnitXMLReporter -->
<testsuite ignored="0" hostname="Souviks-MacBook-Pro.local" failures="0" tests="3" name="RealTimeAPIsAutoFeed" time="360.196" errors="0" timestamp="2019-11-29T18:07:22 IST">
  <testcase classname="com.fusioncharts.apitest.RealTimeAPIsAutoFeed" name="verifyAPIExistsInDataSheetRealTimeAPIsAutoFeed" time="0.002"/>
  <testcase classname="com.fusioncharts.apitest.RealTimeAPIsAutoFeed" name="verifyChartIsRenderedRealTimeAPIsAutoFeed" time="0.71"/>
  <testcase classname="com.fusioncharts.apitest.RealTimeAPIsAutoFeed" name="verifyAPIRealTimeAPIsAutoFeed" time="352.828"/>
</testsuite> <!-- RealTimeAPIsAutoFeed -->
