<?xml version="1.0" encoding="UTF-8"?>
<!-- Generated by org.testng.reporters.JUnitXMLReporter -->
<testsuite ignored="0" hostname="Souviks-MacBook-Pro.local" failures="0" tests="3" name="RealTimeAPIsAutoFeedLog" time="45.603" errors="0" timestamp="2019-11-29T18:08:08 IST">
  <testcase classname="com.fusioncharts.apitest.RealTimeAPIsAutoFeedLog" name="verifyAPIExistsInDataSheetRealTimeAPIsAutoFeedLog" time="0.002"/>
  <testcase classname="com.fusioncharts.apitest.RealTimeAPIsAutoFeedLog" name="verifyChartIsRenderedRealTimeAPIsAutoFeedLog" time="0.418"/>
  <testcase classname="com.fusioncharts.apitest.RealTimeAPIsAutoFeedLog" name="verifyAPIRealTimeAPIsAutoFeedLog" time="37.245"/>
</testsuite> <!-- RealTimeAPIsAutoFeedLog -->
