<?xml version="1.0" encoding="UTF-8"?>
<!-- Generated by org.testng.reporters.JUnitXMLReporter -->
<testsuite ignored="0" hostname="Souviks-MacBook-Pro.local" failures="0" tests="3" name="RealTimeAPIsAutoFeed" time="350.831" errors="0" timestamp="2020-02-25T15:20:43 IST">
  <testcase classname="com.fusioncharts.apitest.RealTimeAPIsAutoFeed" name="verifyAPIExistsInDataSheetRealTimeAPIsAutoFeed" time="0.002"/>
  <testcase classname="com.fusioncharts.apitest.RealTimeAPIsAutoFeed" name="verifyChartIsRenderedRealTimeAPIsAutoFeed" time="0.931"/>
  <testcase classname="com.fusioncharts.apitest.RealTimeAPIsAutoFeed" name="verifyAPIRealTimeAPIsAutoFeed" time="344.868"/>
</testsuite> <!-- RealTimeAPIsAutoFeed -->
