<?xml version="1.0" encoding="UTF-8"?>
<!-- Generated by org.testng.reporters.JUnitXMLReporter -->
<testsuite hostname="LPMB-Kol-Saurav.local" ignored="0" name="RealTimeAPIs" tests="3" failures="1" timestamp="24 Sep 2019 12:27:27 GMT" time="9.269" errors="0">
  <testcase name="verifyAPIExistsInDataSheetRealTimeAPIs" time="0.001" classname="com.fusioncharts.apitest.RealTimeAPIs"/>
  <testcase name="verifyChartIsRenderedRealTimeAPIs" time="0.81" classname="com.fusioncharts.apitest.RealTimeAPIs"/>
  <testcase name="verifyAPIRealTimeAPIs" time="0.366" classname="com.fusioncharts.apitest.RealTimeAPIs">
    <failure type="java.lang.NullPointerException">
      <![CDATA[java.lang.NullPointerException
at com.fusioncharts.apitest.RealTimeAPIs.verifyAPIRealTimeAPIs(RealTimeAPIs.java:58)
... Removed 25 stack frames]]>
    </failure>
  </testcase> <!-- verifyAPIRealTimeAPIs -->
</testsuite> <!-- RealTimeAPIs -->
