<?xml version="1.0" encoding="UTF-8"?>
<!-- Generated by org.testng.reporters.JUnitXMLReporter -->
<testsuite hostname="LPMB-KOl-Sahelee.local" ignored="0" name="RemoveEventListener" tests="3" failures="0" timestamp="05 Aug 2019 07:39:52 GMT" time="11.602" errors="0">
  <testcase name="verifyAPIExistsInDataSheetRemoveEventListener" time="0.001" classname="com.fusioncharts.apitest.RemoveEventListener"/>
  <testcase name="verifyChartIsRenderedRemoveEventListener" time="0.375" classname="com.fusioncharts.apitest.RemoveEventListener"/>
  <testcase name="verifyAPIRemoveEventListener" time="5.959" classname="com.fusioncharts.apitest.RemoveEventListener"/>
</testsuite> <!-- RemoveEventListener -->
