<?xml version="1.0" encoding="UTF-8"?>
<!-- Generated by org.testng.reporters.JUnitXMLReporter -->
<testsuite hostname="LPMB-KOl-Sahelee.local" ignored="0" name="RestartUpdate_StopUpdate" tests="3" failures="0" timestamp="02 Aug 2019 11:15:29 GMT" time="34.431" errors="0">
  <testcase name="verifyAPIExistsInDataSheetRestartUpdate_StopUpdate" time="0.006" classname="com.fusioncharts.apitest.RestartUpdate_StopUpdate"/>
  <testcase name="verifyChartIsRenderedRestartUpdate_StopUpdate" time="0.191" classname="com.fusioncharts.apitest.RestartUpdate_StopUpdate"/>
  <testcase name="verifyAPIRestartUpdate_StopUpdate" time="27.226" classname="com.fusioncharts.apitest.RestartUpdate_StopUpdate"/>
</testsuite> <!-- RestartUpdate_StopUpdate -->
