<?xml version="1.0" encoding="UTF-8"?>
<!-- Generated by org.testng.reporters.JUnitXMLReporter -->
<testsuite hostname="LPMB-KOl-Sahelee.local" ignored="0" name="SetChartDataUrl" tests="3" failures="0" timestamp="02 Aug 2019 13:04:06 GMT" time="9.475" errors="0">
  <testcase name="verifyAPIExistsInDataSheetSetChartDataUrl" time="0.001" classname="com.fusioncharts.apitest.SetChartDataUrl"/>
  <testcase name="verifyChartIsRenderedSetChartDataUrl" time="0.418" classname="com.fusioncharts.apitest.SetChartDataUrl"/>
  <testcase name="verifyAPISetChartDataUrl" time="3.816" classname="com.fusioncharts.apitest.SetChartDataUrl"/>
</testsuite> <!-- SetChartDataUrl -->
