<?xml version="1.0" encoding="UTF-8"?>
<!-- Generated by org.testng.reporters.JUnitXMLReporter -->
<testsuite hostname="LPMB-Kol-Saurav.local" ignored="0" name="SetChartData" tests="3" failures="0" timestamp="08 Aug 2019 11:55:43 GMT" time="10.755" errors="0">
  <testcase name="verifyAPIExistsInDataSheetSetChartData" time="0.001" classname="com.fusioncharts.apitest.SetChartData"/>
  <testcase name="verifyChartIsRenderedSetChartData" time="2.405" classname="com.fusioncharts.apitest.SetChartData"/>
  <testcase name="verifyAPISetChartData" time="3.306" classname="com.fusioncharts.apitest.SetChartData"/>
</testsuite> <!-- SetChartData -->
