<?xml version="1.0" encoding="UTF-8"?>
<!-- Generated by org.testng.reporters.JUnitXMLReporter -->
<testsuite hostname="LPMB-KOl-Sahelee.local" ignored="0" name="SetChartDataUrl" tests="3" failures="0" timestamp="05 Aug 2019 07:41:58 GMT" time="9.543" errors="0">
  <testcase name="verifyAPIExistsInDataSheetSetChartDataUrl" time="0.0" classname="com.fusioncharts.apitest.SetChartDataUrl"/>
  <testcase name="verifyChartIsRenderedSetChartDataUrl" time="0.437" classname="com.fusioncharts.apitest.SetChartDataUrl"/>
  <testcase name="verifyAPISetChartDataUrl" time="3.848" classname="com.fusioncharts.apitest.SetChartDataUrl"/>
</testsuite> <!-- SetChartDataUrl -->
