<?xml version="1.0" encoding="UTF-8"?>
<!-- Generated by org.testng.reporters.JUnitXMLReporter -->
<testsuite ignored="0" hostname="Souviks-MacBook-Pro.local" failures="0" tests="3" name="SetChartData" time="11.54" errors="0" timestamp="2019-11-29T16:09:21 IST">
  <testcase classname="com.fusioncharts.apitest.SetChartData" name="verifyAPIExistsInDataSheetSetChartData" time="0.009"/>
  <testcase classname="com.fusioncharts.apitest.SetChartData" name="verifyChartIsRenderedSetChartData" time="2.347"/>
  <testcase classname="com.fusioncharts.apitest.SetChartData" name="verifyAPISetChartData" time="4.242"/>
</testsuite> <!-- SetChartData -->
