<?xml version="1.0" encoding="UTF-8"?>
<!-- Generated by org.testng.reporters.JUnitXMLReporter -->
<testsuite hostname="LPMB-KOl-Sahelee.local" ignored="0" name="SetData" tests="3" failures="0" timestamp="08 Aug 2019 10:55:43 GMT" time="15.951" errors="0">
  <testcase name="verifyAPIExistsInDataSheetSetData" time="0.001" classname="com.fusioncharts.apitest.SetData"/>
  <testcase name="verifyChartIsRenderedSetData" time="0.444" classname="com.fusioncharts.apitest.SetData"/>
  <testcase name="verifyAPISetData" time="7.836" classname="com.fusioncharts.apitest.SetData"/>
</testsuite> <!-- SetData -->
