<?xml version="1.0" encoding="UTF-8"?>
<!-- Generated by org.testng.reporters.JUnitXMLReporter -->
<testsuite hostname="LPMB-KOl-Sahelee.local" ignored="0" name="SetData" tests="3" failures="0" timestamp="02 Aug 2019 13:03:57 GMT" time="13.893" errors="0">
  <testcase name="verifyAPIExistsInDataSheetSetData" time="0.001" classname="com.fusioncharts.apitest.SetData"/>
  <testcase name="verifyChartIsRenderedSetData" time="0.492" classname="com.fusioncharts.apitest.SetData"/>
  <testcase name="verifyAPISetData" time="8.037" classname="com.fusioncharts.apitest.SetData"/>
</testsuite> <!-- SetData -->
