<?xml version="1.0" encoding="UTF-8"?>
<!-- Generated by org.testng.reporters.JUnitXMLReporter -->
<testsuite hostname="LPMB-Kol-Saurav.local" ignored="0" name="SetJSONData" tests="3" failures="0" timestamp="24 Sep 2019 12:25:02 GMT" time="14.495" errors="0">
  <testcase name="verifyAPIExistsInDataSheetSetJSONData" time="0.001" classname="com.fusioncharts.apitest.SetJSONData"/>
  <testcase name="verifyChartIsRenderedSetJSONData" time="2.567" classname="com.fusioncharts.apitest.SetJSONData"/>
  <testcase name="verifyAPISetJSONData" time="3.754" classname="com.fusioncharts.apitest.SetJSONData"/>
</testsuite> <!-- SetJSONData -->
