<?xml version="1.0" encoding="UTF-8"?>
<!-- Generated by org.testng.reporters.JUnitXMLReporter -->
<testsuite hostname="LPMB-KOl-Sahelee.local" ignored="0" name="SetJSONData" tests="3" failures="0" timestamp="08 Aug 2019 10:56:39 GMT" time="14.597" errors="0">
  <testcase name="verifyAPIExistsInDataSheetSetJSONData" time="0.001" classname="com.fusioncharts.apitest.SetJSONData"/>
  <testcase name="verifyChartIsRenderedSetJSONData" time="2.534" classname="com.fusioncharts.apitest.SetJSONData"/>
  <testcase name="verifyAPISetJSONData" time="3.415" classname="com.fusioncharts.apitest.SetJSONData"/>
</testsuite> <!-- SetJSONData -->
