<?xml version="1.0" encoding="UTF-8"?>
<!-- Generated by org.testng.reporters.JUnitXMLReporter -->
<testsuite hostname="LPMB-KOl-Sahelee.local" ignored="0" name="SetJSONUrl" tests="3" failures="0" timestamp="05 Aug 2019 07:42:08 GMT" time="10.561" errors="0">
  <testcase name="verifyAPIExistsInDataSheetSetJSONUrl" time="0.0" classname="com.fusioncharts.apitest.SetJSONUrl"/>
  <testcase name="verifyChartIsRenderedSetJSONUrl" time="0.397" classname="com.fusioncharts.apitest.SetJSONUrl"/>
  <testcase name="verifyAPISetJSONUrl" time="5.097" classname="com.fusioncharts.apitest.SetJSONUrl"/>
</testsuite> <!-- SetJSONUrl -->
