<?xml version="1.0" encoding="UTF-8"?>
<!-- Generated by org.testng.reporters.JUnitXMLReporter -->
<testsuite hostname="LPMB-Kol-Saurav.local" ignored="0" name="SetJSONUrl" tests="3" failures="0" timestamp="08 Aug 2019 11:55:53 GMT" time="9.498" errors="0">
  <testcase name="verifyAPIExistsInDataSheetSetJSONUrl" time="0.001" classname="com.fusioncharts.apitest.SetJSONUrl"/>
  <testcase name="verifyChartIsRenderedSetJSONUrl" time="0.387" classname="com.fusioncharts.apitest.SetJSONUrl"/>
  <testcase name="verifyAPISetJSONUrl" time="3.953" classname="com.fusioncharts.apitest.SetJSONUrl"/>
</testsuite> <!-- SetJSONUrl -->
