<?xml version="1.0" encoding="UTF-8"?>
<!-- Generated by org.testng.reporters.JUnitXMLReporter -->
<testsuite ignored="0" hostname="Souviks-MacBook-Pro.local" failures="0" tests="3" name="SetXMLData" time="9.203" errors="0" timestamp="2020-02-25T15:12:18 IST">
  <testcase classname="com.fusioncharts.apitest.SetXMLData" name="verifyAPIExistsInDataSheetSetXMLData" time="0.003"/>
  <testcase classname="com.fusioncharts.apitest.SetXMLData" name="verifyChartIsRenderedSetXMLData" time="2.384"/>
  <testcase classname="com.fusioncharts.apitest.SetXMLData" name="verifyAPISetXMLData" time="1.914"/>
</testsuite> <!-- SetXMLData -->
