<?xml version="1.0" encoding="UTF-8"?>
<!-- Generated by org.testng.reporters.JUnitXMLReporter -->
<testsuite hostname="LPMB-KOl-Sahelee.local" ignored="0" name="SetXMLUrl" tests="3" failures="0" timestamp="08 Aug 2019 10:56:52 GMT" time="12.908" errors="0">
  <testcase name="verifyAPIExistsInDataSheetSetXMLUrl" time="0.004" classname="com.fusioncharts.apitest.SetXMLUrl"/>
  <testcase name="verifyChartIsRenderedSetXMLUrl" time="0.488" classname="com.fusioncharts.apitest.SetXMLUrl"/>
  <testcase name="verifyAPISetXMLUrl" time="3.685" classname="com.fusioncharts.apitest.SetXMLUrl"/>
</testsuite> <!-- SetXMLUrl -->
