<?xml version="1.0" encoding="UTF-8"?>
<!-- Generated by org.testng.reporters.JUnitXMLReporter -->
<testsuite ignored="0" hostname="Souviks-MacBook-Pro.local" failures="0" tests="3" name="ShowChartMessage" time="18.407" errors="0" timestamp="2019-11-29T16:10:01 IST">
  <testcase classname="com.fusioncharts.apitest.ShowChartMessage" name="verifyAPIExistsInDataSheetShowChartMessage" time="0.003"/>
  <testcase classname="com.fusioncharts.apitest.ShowChartMessage" name="verifyChartIsRenderedShowChartMessage" time="2.364"/>
  <testcase classname="com.fusioncharts.apitest.ShowChartMessage" name="verifyAPIShowChartMessage" time="11.18"/>
</testsuite> <!-- ShowChartMessage -->
