<?xml version="1.0" encoding="UTF-8"?>
<!-- Generated by org.testng.reporters.JUnitXMLReporter -->
<testsuite hostname="LPMB-KOl-Sahelee.local" ignored="0" name="ShowChartMessage" tests="3" failures="0" timestamp="09 Aug 2019 07:59:29 GMT" time="25.735" errors="0">
  <testcase name="verifyAPIExistsInDataSheetShowChartMessage" time="0.013" classname="com.fusioncharts.apitest.ShowChartMessage"/>
  <testcase name="verifyChartIsRenderedShowChartMessage" time="2.875" classname="com.fusioncharts.apitest.ShowChartMessage"/>
  <testcase name="verifyAPIShowChartMessage" time="12.745" classname="com.fusioncharts.apitest.ShowChartMessage"/>
</testsuite> <!-- ShowChartMessage -->
