<?xml version="1.0" encoding="UTF-8"?>
<!-- Generated by org.testng.reporters.JUnitXMLReporter -->
<testsuite ignored="0" hostname="Souviks-MacBook-Pro.local" failures="0" tests="3" name="StartingAngle" time="20.262" errors="0" timestamp="2020-02-25T15:22:36 IST">
  <testcase classname="com.fusioncharts.apitest.StartingAngle" name="verifyAPIExistsInDataSheetStartingAngle" time="0.001"/>
  <testcase classname="com.fusioncharts.apitest.StartingAngle" name="verifyChartIsRenderedStartingAngle" time="2.423"/>
  <testcase classname="com.fusioncharts.apitest.StartingAngle" name="verifyAPIStartingAngle" time="12.9"/>
</testsuite> <!-- StartingAngle -->
