<?xml version="1.0" encoding="UTF-8"?>
<!-- Generated by org.testng.reporters.JUnitXMLReporter -->
<testsuite hostname="LPMB-Kol-Saurav.local" ignored="0" name="StartingAngle" tests="3" failures="1" timestamp="24 Sep 2019 12:36:41 GMT" time="18.398" errors="0">
  <testcase name="verifyAPIExistsInDataSheetStartingAngle" time="0.0" classname="com.fusioncharts.apitest.StartingAngle"/>
  <testcase name="verifyChartIsRenderedStartingAngle" time="2.56" classname="com.fusioncharts.apitest.StartingAngle"/>
  <testcase name="verifyAPIStartingAngle" time="7.882" classname="com.fusioncharts.apitest.StartingAngle">
    <failure type="javax.imageio.IIOException" message="Can&amp;apos;t read input file!">
      <![CDATA[javax.imageio.IIOException: Can't read input file!
at javax.imageio.ImageIO.read(ImageIO.java:1301)
at com.fusioncharts.apitest.StartingAngle.verifyAPIStartingAngle(StartingAngle.java:88)
... Removed 25 stack frames]]>
    </failure>
  </testcase> <!-- verifyAPIStartingAngle -->
</testsuite> <!-- StartingAngle -->
