<?xml version="1.0" encoding="UTF-8"?>
<!-- Generated by org.testng.reporters.JUnitXMLReporter -->
<testsuite hostname="LPMB-KOl-Sahelee.local" ignored="0" name="ZoomlineAPIs" tests="3" failures="0" timestamp="08 Aug 2019 10:58:02 GMT" time="23.644" errors="0">
  <testcase name="verifyAPIExistsInDataSheetZoomlineAPIs" time="0.0" classname="com.fusioncharts.apitest.ZoomlineAPIs"/>
  <testcase name="verifyChartIsRenderedZoomlineAPIs" time="0.554" classname="com.fusioncharts.apitest.ZoomlineAPIs"/>
  <testcase name="verifyAPIZoomlineAPIs" time="14.558" classname="com.fusioncharts.apitest.ZoomlineAPIs"/>
</testsuite> <!-- ZoomlineAPIs -->
