<?xml version="1.0" encoding="UTF-8"?>
<!-- Generated by org.testng.reporters.JUnitXMLReporter -->
<testsuite ignored="0" hostname="Souviks-MacBook-Pro.local" failures="0" tests="3" name="ZoomlineAPIs" time="19.761" errors="0" timestamp="2019-11-29T16:10:20 IST">
  <testcase classname="com.fusioncharts.apitest.ZoomlineAPIs" name="verifyAPIExistsInDataSheetZoomlineAPIs" time="0.004"/>
  <testcase classname="com.fusioncharts.apitest.ZoomlineAPIs" name="verifyChartIsRenderedZoomlineAPIs" time="0.545"/>
  <testcase classname="com.fusioncharts.apitest.ZoomlineAPIs" name="verifyAPIZoomlineAPIs" time="14.226"/>
</testsuite> <!-- ZoomlineAPIs -->
